<?xml version="1.0" encoding="UTF-8"?>
<testsuite name="agh.ics.oop.Vector2dTest" tests="1" skipped="0" failures="0" errors="0" timestamp="2021-10-23T17:04:31" hostname="FALON" time="0.015">
  <properties/>
  <testcase name="getY()" classname="agh.ics.oop.Vector2dTest" time="0.015"/>
  <system-out><![CDATA[]]></system-out>
  <system-err><![CDATA[]]></system-err>
</testsuite>
