<?xml version="1.0" encoding="UTF-8"?>
<testsuite name="agh.ics.oop.AnimalTest" tests="1" skipped="0" failures="0" errors="0" timestamp="2021-10-29T11:23:25" hostname="FALON" time="0.033">
  <properties/>
  <testcase name="move()" classname="agh.ics.oop.AnimalTest" time="0.033"/>
  <system-out><![CDATA[]]></system-out>
  <system-err><![CDATA[]]></system-err>
</testsuite>
